<?xml version="1.0" encoding="UTF-8" ?>
<testsuites errors="1"
            failures="1"
            tests="6">

  <testsuite name="logInTest"
    errors="1" failures="1" hostname="" id="" package="logInTest" skipped="6"
    tests="6" time="13.75" timestamp="">
  
    <testcase name="1.) Verify logo, carousel images, carousel caption and the footer message should be displayed on login page:" classname="logInTest" time="1.031" assertions="4">

    

    

    

    
    </testcase>
  
    <testcase name="2. Verify that tag line with text &#34;Get 1% better Everyday is Visible&#34;" classname="logInTest" time="0.02300" assertions="1">

    
    </testcase>
  
    <testcase name="3. Verify that Carousel Image changes while clicking on the Carousel button" classname="logInTest" time="0.02300" assertions="1">

    
    </testcase>
  
    <testcase name="4. Verify that specific text between login options is present on the web page" classname="logInTest" time="0.02500" assertions="1">

    
    </testcase>
  
    <testcase name="5.  Verify that login page heading contains text &#34;Sign in to Go 1%&#34; is displayed " classname="logInTest" time="0.02300" assertions="1">

    
    </testcase>
  
    <testcase name="6. Verify that clicking on the Microsoft logo redirects to the Microsoft login page" classname="logInTest" time="5.240" assertions="2">

      <failure message="Failed [equal]: (&#39;Sign in to nashtech&#39; == &#39;Sign in to your account&#39;) - expected &#34;Sign in to your account&#34; but got: &#34;Sign in to nashtech&#34; (1ms)">    at NightwatchAPI.&lt;anonymous&gt; (/home/knoldus/Desktop/Go1_Percent_Testing/test/logInTest.js:40:19)</failure>

    
    <error message="Failed [equal]: (&#39;Sign in to nashtech&#39; == &#39;Sign in to your account&#39;) - expected [32m&#34;Sign in to your account&#34;[39m but got: [31m&#34;Sign in to nashtech&#34;[39m [90m(1ms)[39m" type="error"><![CDATA[
        at NightwatchAPI.&lt;anonymous&gt; (/home/knoldus/Desktop/Go1_Percent_Testing/test/logInTest.js:40:19)
    ]]></error>
    
    </testcase>
  

  
    <system-err>
       TimeoutError
   An error occurred while running .click() command on &lt;Element [name=@MicrosoftLogo]&gt;: element click intercepted: Element &lt;div class=&#34;social-fontawesom-icons&#34;&gt;...&lt;/div&gt; is not clickable at point (1826, 350). Other element would receive the click: &lt;div class=&#34;login-pf-page&#34;&gt;...&lt;/div&gt;
  (Session info: chrome=122.0.6261.57)
    {&#34;error&#34;:{&#34;name&#34;:&#34;ElementClickInterceptedError&#34;,&#34;remoteStacktrace&#34;:&#34;&#34;},&#34;status&#34;:-1,&#34;value&#34;:null}

    Error location:
    /home/knoldus/Desktop/Go1_Percent_Testing/test/logInTest.js:38
    –––––––––––––––––––––––––––––––––––––––––––––––––––––––––––––
     36 | 
     37 |   it(&#34;6. Verify that clicking on the Microsoft logo redirects to the Microsoft login page&#34;, function () {
     38 |     logInPage.clickMicrosoftLogo(); 
     39 |     logInPage.getTitle(function (title) {
     40 |       this.assert.equal(title, &#34;Sign in to your account&#34;);
    –––––––––––––––––––––––––––––––––––––––––––––––––––––––––––––

    </system-err>
  

    

  
    
    <testcase
      name="7. Verify that login fails with invalid credentials and an alert message is displayed" classname="logInTest">
      <skipped />
    </testcase>
    
    <testcase
      name="9. Verify remember me checkbox is selected during login" classname="logInTest">
      <skipped />
    </testcase>
    
    <testcase
      name="10. Verify the forgot Password functionality " classname="logInTest">
      <skipped />
    </testcase>
    
    <testcase
      name="11. Verify clicking on the &#34;Terms of Use&#34; link opens a new page with the terms of use" classname="logInTest">
      <skipped />
    </testcase>
    
    <testcase
      name="12.  Verify clicking on the &#34;Privacy policy&#34; link opens a new page with the privacy policy" classname="logInTest">
      <skipped />
    </testcase>
    
    <testcase
      name="8. Verify successful login with valid credentials" classname="logInTest">
      <skipped />
    </testcase>
    
  
  </testsuite>
</testsuites>
