<?xml version="1.0" encoding="UTF-8" ?>
<testsuites errors="1"
            failures="1"
            tests="4">

  <testsuite name="Dashboard_SettingsTest"
    errors="1" failures="1" hostname="" id="" package="Dashboard_SettingsTest" skipped="16"
    tests="4" time="33.06" timestamp="">
  
    <testcase name="1.Verify user should be able to see all fields in Profile Details page :" classname="Dashboard_SettingsTest" time="4.191" assertions="2">

    

    
    </testcase>
  
    <testcase name="2. Verify user should be able to edit all the fields in Profile Details page :" classname="Dashboard_SettingsTest" time="0.002000" assertions="0">
    </testcase>
  
    <testcase name="3.verify user should not be able to edit any field without click change or update button :" classname="Dashboard_SettingsTest" time="0.001000" assertions="0">
    </testcase>
  
    <testcase name="4.Verify user should be able to provide only alphabets in the name field :" classname="Dashboard_SettingsTest" time="10.63" assertions="1">  <failure message="Testing if a value .error-span contains  Name can only contain alphabets in 5000ms - expected &#34;contains  Name can only contain alphabets&#34; but got: &#34;.error-span&#34; (5009ms)">    at DescribeInstance.&lt;anonymous&gt; (/home/knoldus/Desktop/Go1_Percent_Testing/test/Dashboard_SettingsTest.js:74:26)</failure>

    
    <error message="Testing if a value [33m.error-span[39m contains [33m Name can only contain alphabets[39m in 5000ms - expected [32m&#34;contains  Name can only contain alphabets&#34;[39m but got: [31m&#34;.error-span&#34;[39m [90m(5009ms)[39m" type="error"><![CDATA[
    Error
    at Command.executeCommand (/home/knoldus/Desktop/Go1_Percent_Testing/node_modules/nightwatch/lib/page-object/command-wrapper.js:281:22)
    at Object.contains (/home/knoldus/Desktop/Go1_Percent_Testing/node_modules/nightwatch/lib/page-object/command-wrapper.js:86:27)
    at Proxy.&lt;anonymous&gt; (/home/knoldus/Desktop/Go1_Percent_Testing/node_modules/nightwatch/lib/api/index.js:161:30)
    at DescribeInstance.&lt;anonymous&gt; (/home/knoldus/Desktop/Go1_Percent_Testing/test/Dashboard_SettingsTest.js:74:26)
    at Context.call (/home/knoldus/Desktop/Go1_Percent_Testing/node_modules/nightwatch/lib/testsuite/context.js:515:35)
    at TestCase.run (/home/knoldus/Desktop/Go1_Percent_Testing/node_modules/nightwatch/lib/testsuite/testcase.js:58:31)
    at Runnable.__runFn (/home/knoldus/Desktop/Go1_Percent_Testing/node_modules/nightwatch/lib/testsuite/index.js:839:80)
    at Runnable.run (/home/knoldus/Desktop/Go1_Percent_Testing/node_modules/nightwatch/lib/testsuite/runnable.js:126:21)
    at TestSuite.executeRunnable (/home/knoldus/Desktop/Go1_Percent_Testing/node_modules/nightwatch/lib/testsuite/index.js:1000:49)
    at TestSuite.handleRunnable (/home/knoldus/Desktop/Go1_Percent_Testing/node_modules/nightwatch/lib/testsuite/index.js:1015:33)
    ]]></error>
    
    </testcase>
  

  
    <system-err>
       TimeoutError
   An error occurred while running .clearValue() command on &lt;Element [name=@InputFullName]&gt;: invalid element state
  (Session info: chrome=122.0.6261.57)
    {&#34;error&#34;:{&#34;name&#34;:&#34;InvalidElementStateError&#34;,&#34;remoteStacktrace&#34;:&#34;&#34;},&#34;status&#34;:-1,&#34;value&#34;:null}

    Error location:
    /home/knoldus/Desktop/Go1_Percent_Testing/test/Dashboard_SettingsTest.js:72
    ––––––––––––––––––––––––––––––––––––––––––––––––––––––––––––––––––––––––––
     70 |     MyProfilePage.focus(&#39;css&#39;,
     71 |           &#34;div[class=&#39;left-div-button-div mt-1&#39;] button[class=&#39;edit-detail-button&#39;]&#34;)   
     72 |     MyProfilePage.clearValue(&#39;@InputFullName&#39;)       
     73 |     MyProfilePage.element(&#34;@InputFullName&#34;).setValue(&#34;testing123&#34;);
     74 |     MyProfilePage.assert.contains(&#39;.error-span&#39;,&#34; Name can only contain alphabets&#34;);
    ––––––––––––––––––––––––––––––––––––––––––––––––––––––––––––––––––––––––––

    </system-err>
  

    

  
    
    <testcase
      name="5.Verify user cannot not leave Github id and Wordpress id field blank :" classname="Dashboard_SettingsTest">
      <skipped />
    </testcase>
    
    <testcase
      name="6. Verify user should provide valid Github id :" classname="Dashboard_SettingsTest">
      <skipped />
    </testcase>
    
    <testcase
      name="7.Verify user should not be able to provide other users Github id :" classname="Dashboard_SettingsTest">
      <skipped />
    </testcase>
    
    <testcase
      name="8.Verify user should provide valid Wordpress id :" classname="Dashboard_SettingsTest">
      <skipped />
    </testcase>
    
    <testcase
      name="9.Verify user should be able to select any Competency :" classname="Dashboard_SettingsTest">
      <skipped />
    </testcase>
    
    <testcase
      name="10. Verify user should be able to select any component from Practice :" classname="Dashboard_SettingsTest">
      <skipped />
    </testcase>
    
    <testcase
      name="11. Verify user should be able to update skills  :" classname="Dashboard_SettingsTest">
      <skipped />
    </testcase>
    
    <testcase
      name="12.Verify user should not be able to enter same skill more than one time :" classname="Dashboard_SettingsTest">
      <skipped />
    </testcase>
    
    <testcase
      name="13.Verify user should be able to remove skills  :" classname="Dashboard_SettingsTest">
      <skipped />
    </testcase>
    
    <testcase
      name="14.Verify that user should be able to update location :" classname="Dashboard_SettingsTest">
      <skipped />
    </testcase>
    
    <testcase
      name="15.verify that user should be able to select any component from location :" classname="Dashboard_SettingsTest">
      <skipped />
    </testcase>
    
    <testcase
      name="16.verify that user cannot leave location field empty :" classname="Dashboard_SettingsTest">
      <skipped />
    </testcase>
    
    <testcase
      name="17.verify that user should not be able to add white space before or after the name in the name filed :" classname="Dashboard_SettingsTest">
      <skipped />
    </testcase>
    
    <testcase
      name="18.verify that user should not be able to add special characters in the name in the name filed :" classname="Dashboard_SettingsTest">
      <skipped />
    </testcase>
    
    <testcase
      name="19.verify that user cannot leave Full name field empty :" classname="Dashboard_SettingsTest">
      <skipped />
    </testcase>
    
    <testcase
      name="20.Verify user should not be able to provide other users Wordpress Id  :" classname="Dashboard_SettingsTest">
      <skipped />
    </testcase>
    
  
  </testsuite>
</testsuites>
